# JRE version: OpenJDK Runtime Environment Microsoft-8902769 (17.0.10+7) (build 17.0.10+7-LTS)
# Java VM: OpenJDK 64-Bit Server VM Microsoft-8902769 (17.0.10+7-LTS, mixed mode, sharing, tiered, compressed oops, compressed class ptrs, g1 gc, windows-amd64)
GC Precious Log:
 CPUs: 20 total, 20 available
 Memory: 16010M
 Large Page Support: Disabled
 NUMA Support: Disabled
 Compressed Oops: Enabled (Zero based)
 Heap Region Size: 2M
 Heap Min Capacity: 8M
 Heap Initial Capacity: 252M
 Heap Max Capacity: 4004M
 Pre-touch: Disabled
 Parallel Workers: 15
 Concurrent Workers: 4
 Concurrent Refinement Workers: 15
 Periodic GC: Disabled
Heap:
 garbage-first heap   total 90112K, used 45872K [0x0000000705c00000, 0x0000000800000000)
  region size 2048K, 15 young (30720K), 2 survivors (4096K)
 Metaspace       used 41111K, committed 41536K, reserved 1114112K
  class space    used 5486K, committed 5696K, reserved 1048576K
GC Heap History (16 events):
Event: 0.332 GC heap before
{Heap before GC invocations=0 (full 0):
 garbage-first heap   total 258048K, used 22528K [0x0000000705c00000, 0x0000000800000000)
  region size 2048K, 11 young (22528K), 0 survivors (0K)
 Metaspace       used 4174K, committed 4288K, reserved 1114112K
  class space    used 460K, committed 512K, reserved 1048576K
}
Event: 0.335 GC heap after
{Heap after GC invocations=1 (full 0):
 garbage-first heap   total 258048K, used 8216K [0x0000000705c00000, 0x0000000800000000)
  region size 2048K, 2 young (4096K), 2 survivors (4096K)
 Metaspace       used 4174K, committed 4288K, reserved 1114112K
  class space    used 460K, committed 512K, reserved 1048576K
}
Event: 0.749 GC heap before
{Heap before GC invocations=1 (full 0):
 garbage-first heap   total 258048K, used 26648K [0x0000000705c00000, 0x0000000800000000)
  region size 2048K, 11 young (22528K), 2 survivors (4096K)
 Metaspace       used 8848K, committed 9024K, reserved 1114112K
  class space    used 1123K, committed 1216K, reserved 1048576K
}
Event: 0.752 GC heap after
{Heap after GC invocations=2 (full 0):
 garbage-first heap   total 258048K, used 10061K [0x0000000705c00000, 0x0000000800000000)
  region size 2048K, 1 young (2048K), 1 survivors (2048K)
 Metaspace       used 8848K, committed 9024K, reserved 1114112K
  class space    used 1123K, committed 1216K, reserved 1048576K
}
Event: 1.184 GC heap before
{Heap before GC invocations=2 (full 0):
 garbage-first heap   total 258048K, used 57165K [0x0000000705c00000, 0x0000000800000000)
  region size 2048K, 25 young (51200K), 1 survivors (2048K)
 Metaspace       used 18935K, committed 19200K, reserved 1114112K
  class space    used 2389K, committed 2496K, reserved 1048576K
}
Event: 1.186 GC heap after
{Heap after GC invocations=3 (full 0):
 garbage-first heap   total 258048K, used 13241K [0x0000000705c00000, 0x0000000800000000)
  region size 2048K, 3 young (6144K), 3 survivors (6144K)
 Metaspace       used 18935K, committed 19200K, reserved 1114112K
  class space    used 2389K, committed 2496K, reserved 1048576K
}
Event: 1.527 GC heap before
{Heap before GC invocations=3 (full 0):
 garbage-first heap   total 258048K, used 41913K [0x0000000705c00000, 0x0000000800000000)
  region size 2048K, 18 young (36864K), 3 survivors (6144K)
 Metaspace       used 21290K, committed 21504K, reserved 1114112K
  class space    used 2702K, committed 2816K, reserved 1048576K
}
Event: 1.529 GC heap after
{Heap after GC invocations=4 (full 0):
 garbage-first heap   total 258048K, used 15166K [0x0000000705c00000, 0x0000000800000000)
  region size 2048K, 4 young (8192K), 4 survivors (8192K)
 Metaspace       used 21290K, committed 21504K, reserved 1114112K
  class space    used 2702K, committed 2816K, reserved 1048576K
}
Event: 2.026 GC heap before
{Heap before GC invocations=5 (full 0):
 garbage-first heap   total 69632K, used 47934K [0x0000000705c00000, 0x0000000800000000)
  region size 2048K, 20 young (40960K), 4 survivors (8192K)
 Metaspace       used 26053K, committed 26368K, reserved 1114112K
  class space    used 3471K, committed 3648K, reserved 1048576K
}
Event: 2.032 GC heap after
{Heap after GC invocations=6 (full 0):
 garbage-first heap   total 69632K, used 17310K [0x0000000705c00000, 0x0000000800000000)
  region size 2048K, 3 young (6144K), 3 survivors (6144K)
 Metaspace       used 26053K, committed 26368K, reserved 1114112K
  class space    used 3471K, committed 3648K, reserved 1048576K
}
Event: 2.079 GC heap before
{Heap before GC invocations=6 (full 0):
 garbage-first heap   total 69632K, used 19358K [0x0000000705c00000, 0x0000000800000000)
  region size 2048K, 4 young (8192K), 3 survivors (6144K)
 Metaspace       used 26522K, committed 26880K, reserved 1114112K
  class space    used 3520K, committed 3712K, reserved 1048576K
}
Event: 2.083 GC heap after
{Heap after GC invocations=7 (full 0):
 garbage-first heap   total 69632K, used 17471K [0x0000000705c00000, 0x0000000800000000)
  region size 2048K, 1 young (2048K), 1 survivors (2048K)
 Metaspace       used 26522K, committed 26880K, reserved 1114112K
  class space    used 3520K, committed 3712K, reserved 1048576K
}
Event: 2.565 GC heap before
{Heap before GC invocations=7 (full 0):
 garbage-first heap   total 69632K, used 44095K [0x0000000705c00000, 0x0000000800000000)
  region size 2048K, 15 young (30720K), 1 survivors (2048K)
 Metaspace       used 30722K, committed 31168K, reserved 1114112K
  class space    used 4060K, committed 4288K, reserved 1048576K
}
Event: 2.571 GC heap after
{Heap after GC invocations=8 (full 0):
 garbage-first heap   total 69632K, used 19122K [0x0000000705c00000, 0x0000000800000000)
  region size 2048K, 2 young (4096K), 2 survivors (4096K)
 Metaspace       used 30722K, committed 31168K, reserved 1114112K
  class space    used 4060K, committed 4288K, reserved 1048576K
}
Event: 2.998 GC heap before
{Heap before GC invocations=8 (full 0):
 garbage-first heap   total 69632K, used 39602K [0x0000000705c00000, 0x0000000800000000)
  region size 2048K, 13 young (26624K), 2 survivors (4096K)
 Metaspace       used 35550K, committed 35968K, reserved 1114112K
  class space    used 4690K, committed 4864K, reserved 1048576K
}
Event: 3.001 GC heap after
{Heap after GC invocations=9 (full 0):
 garbage-first heap   total 92160K, used 21296K [0x0000000705c00000, 0x0000000800000000)
  region size 2048K, 2 young (4096K), 2 survivors (4096K)
 Metaspace       used 35550K, committed 35968K, reserved 1114112K
  class space    used 4690K, committed 4864K, reserved 1048576K
}

