# JRE version: OpenJDK Runtime Environment Microsoft-8902769 (17.0.10+7) (build 17.0.10+7-LTS)
# Java VM: OpenJDK 64-Bit Server VM Microsoft-8902769 (17.0.10+7-LTS, mixed mode, sharing, tiered, compressed oops, compressed class ptrs, g1 gc, windows-amd64)
GC Precious Log:
 CPUs: 20 total, 20 available
 Memory: 16010M
 Large Page Support: Disabled
 NUMA Support: Disabled
 Compressed Oops: Enabled (Zero based)
 Heap Region Size: 2M
 Heap Min Capacity: 8M
 Heap Initial Capacity: 252M
 Heap Max Capacity: 4004M
 Pre-touch: Disabled
 Parallel Workers: 15
 Concurrent Workers: 4
 Concurrent Refinement Workers: 15
 Periodic GC: Disabled
Heap:
 garbage-first heap   total 96256K, used 57123K [0x0000000705c00000, 0x0000000800000000)
  region size 2048K, 12 young (24576K), 1 survivors (2048K)
 Metaspace       used 64035K, committed 64512K, reserved 1114112K
  class space    used 8807K, committed 9024K, reserved 1048576K
GC Heap History (20 events):
Event: 1.928 GC heap before
{Heap before GC invocations=7 (full 0):
 garbage-first heap   total 69632K, used 45104K [0x0000000705c00000, 0x0000000800000000)
  region size 2048K, 14 young (28672K), 1 survivors (2048K)
 Metaspace       used 27918K, committed 28224K, reserved 1114112K
  class space    used 3715K, committed 3840K, reserved 1048576K
}
Event: 1.929 GC heap after
{Heap after GC invocations=8 (full 0):
 garbage-first heap   total 69632K, used 19475K [0x0000000705c00000, 0x0000000800000000)
  region size 2048K, 1 young (2048K), 1 survivors (2048K)
 Metaspace       used 27918K, committed 28224K, reserved 1114112K
  class space    used 3715K, committed 3840K, reserved 1048576K
}
Event: 2.336 GC heap before
{Heap before GC invocations=8 (full 0):
 garbage-first heap   total 69632K, used 48147K [0x0000000705c00000, 0x0000000800000000)
  region size 2048K, 15 young (30720K), 1 survivors (2048K)
 Metaspace       used 32333K, committed 32704K, reserved 1114112K
  class space    used 4252K, committed 4416K, reserved 1048576K
}
Event: 2.338 GC heap after
{Heap after GC invocations=9 (full 0):
 garbage-first heap   total 69632K, used 21285K [0x0000000705c00000, 0x0000000800000000)
  region size 2048K, 2 young (4096K), 2 survivors (4096K)
 Metaspace       used 32333K, committed 32704K, reserved 1114112K
  class space    used 4252K, committed 4416K, reserved 1048576K
}
Event: 2.755 GC heap before
{Heap before GC invocations=9 (full 0):
 garbage-first heap   total 69632K, used 49957K [0x0000000705c00000, 0x0000000800000000)
  region size 2048K, 16 young (32768K), 2 survivors (4096K)
 Metaspace       used 34812K, committed 35136K, reserved 1114112K
  class space    used 4596K, committed 4736K, reserved 1048576K
}
Event: 2.757 GC heap after
{Heap after GC invocations=10 (full 0):
 garbage-first heap   total 69632K, used 22870K [0x0000000705c00000, 0x0000000800000000)
  region size 2048K, 2 young (4096K), 2 survivors (4096K)
 Metaspace       used 34812K, committed 35136K, reserved 1114112K
  class space    used 4596K, committed 4736K, reserved 1048576K
}
Event: 2.963 GC heap before
{Heap before GC invocations=10 (full 0):
 garbage-first heap   total 69632K, used 39254K [0x0000000705c00000, 0x0000000800000000)
  region size 2048K, 11 young (22528K), 2 survivors (4096K)
 Metaspace       used 35657K, committed 35968K, reserved 1114112K
  class space    used 4707K, committed 4864K, reserved 1048576K
}
Event: 2.965 GC heap after
{Heap after GC invocations=11 (full 0):
 garbage-first heap   total 69632K, used 23736K [0x0000000705c00000, 0x0000000800000000)
  region size 2048K, 2 young (4096K), 2 survivors (4096K)
 Metaspace       used 35657K, committed 35968K, reserved 1114112K
  class space    used 4707K, committed 4864K, reserved 1048576K
}
Event: 3.203 GC heap before
{Heap before GC invocations=12 (full 0):
 garbage-first heap   total 69632K, used 48312K [0x0000000705c00000, 0x0000000800000000)
  region size 2048K, 15 young (30720K), 2 survivors (4096K)
 Metaspace       used 37782K, committed 38144K, reserved 1114112K
  class space    used 4920K, committed 5120K, reserved 1048576K
}
Event: 3.205 GC heap after
{Heap after GC invocations=13 (full 0):
 garbage-first heap   total 96256K, used 28779K [0x0000000705c00000, 0x0000000800000000)
  region size 2048K, 2 young (4096K), 2 survivors (4096K)
 Metaspace       used 37782K, committed 38144K, reserved 1114112K
  class space    used 4920K, committed 5120K, reserved 1048576K
}
Event: 3.756 GC heap before
{Heap before GC invocations=13 (full 0):
 garbage-first heap   total 96256K, used 69739K [0x0000000705c00000, 0x0000000800000000)
  region size 2048K, 22 young (45056K), 2 survivors (4096K)
 Metaspace       used 41807K, committed 42240K, reserved 1114112K
  class space    used 5385K, committed 5568K, reserved 1048576K
}
Event: 3.758 GC heap after
{Heap after GC invocations=14 (full 0):
 garbage-first heap   total 96256K, used 30937K [0x0000000705c00000, 0x0000000800000000)
  region size 2048K, 2 young (4096K), 2 survivors (4096K)
 Metaspace       used 41807K, committed 42240K, reserved 1114112K
  class space    used 5385K, committed 5568K, reserved 1048576K
}
Event: 4.598 GC heap before
{Heap before GC invocations=14 (full 0):
 garbage-first heap   total 96256K, used 71897K [0x0000000705c00000, 0x0000000800000000)
  region size 2048K, 22 young (45056K), 2 survivors (4096K)
 Metaspace       used 51371K, committed 51840K, reserved 1114112K
  class space    used 6820K, committed 7040K, reserved 1048576K
}
Event: 4.600 GC heap after
{Heap after GC invocations=15 (full 0):
 garbage-first heap   total 96256K, used 32571K [0x0000000705c00000, 0x0000000800000000)
  region size 2048K, 1 young (2048K), 1 survivors (2048K)
 Metaspace       used 51371K, committed 51840K, reserved 1114112K
  class space    used 6820K, committed 7040K, reserved 1048576K
}
Event: 4.911 GC heap before
{Heap before GC invocations=15 (full 0):
 garbage-first heap   total 96256K, used 61243K [0x0000000705c00000, 0x0000000800000000)
  region size 2048K, 16 young (32768K), 1 survivors (2048K)
 Metaspace       used 59846K, committed 60288K, reserved 1114112K
  class space    used 8205K, committed 8448K, reserved 1048576K
}
Event: 4.913 GC heap after
{Heap after GC invocations=16 (full 0):
 garbage-first heap   total 96256K, used 33697K [0x0000000705c00000, 0x0000000800000000)
  region size 2048K, 2 young (4096K), 2 survivors (4096K)
 Metaspace       used 59846K, committed 60288K, reserved 1114112K
  class space    used 8205K, committed 8448K, reserved 1048576K
}
Event: 5.264 GC heap before
{Heap before GC invocations=17 (full 0):
 garbage-first heap   total 96256K, used 74657K [0x0000000705c00000, 0x0000000800000000)
  region size 2048K, 22 young (45056K), 2 survivors (4096K)
 Metaspace       used 63593K, committed 64128K, reserved 1114112K
  class space    used 8739K, committed 8960K, reserved 1048576K
}
Event: 5.267 GC heap after
{Heap after GC invocations=18 (full 0):
 garbage-first heap   total 96256K, used 36236K [0x0000000705c00000, 0x0000000800000000)
  region size 2048K, 3 young (6144K), 3 survivors (6144K)
 Metaspace       used 63593K, committed 64128K, reserved 1114112K
  class space    used 8739K, committed 8960K, reserved 1048576K
}
Event: 5.296 GC heap before
{Heap before GC invocations=18 (full 0):
 garbage-first heap   total 96256K, used 38284K [0x0000000705c00000, 0x0000000800000000)
  region size 2048K, 4 young (8192K), 3 survivors (6144K)
 Metaspace       used 63717K, committed 64256K, reserved 1114112K
  class space    used 8755K, committed 9024K, reserved 1048576K
}
Event: 5.298 GC heap after
{Heap after GC invocations=19 (full 0):
 garbage-first heap   total 96256K, used 36643K [0x0000000705c00000, 0x0000000800000000)
  region size 2048K, 1 young (2048K), 1 survivors (2048K)
 Metaspace       used 63717K, committed 64256K, reserved 1114112K
  class space    used 8755K, committed 9024K, reserved 1048576K
}

